# JRE version: OpenJDK Runtime Environment Temurin-21.0.11+10 (21.0.11+10) (build 21.0.11+10-LTS)
# Java VM: OpenJDK 64-Bit Server VM Temurin-21.0.11+10 (21.0.11+10-LTS, mixed mode, sharing, tiered, compressed oops, compressed class ptrs, parallel gc, windows-amd64)
GC Precious Log:
 CardTable entry size: 512
 CPUs: 16 total, 16 available
 Memory: 16095M
 Large Page Support: Disabled
 NUMA Support: Disabled
 Compressed Oops: Enabled (32-bit)
 Alignments: Space 512K, Generation 512K, Heap 2M
 Heap Min Capacity: 100M
 Heap Initial Capacity: 100M
 Heap Max Capacity: 2G
 Pre-touch: Disabled
 Parallel Workers: 13
Heap:
 PSYoungGen      total 17920K, used 9490K [0x00000000d5580000, 0x00000000d6a00000, 0x0000000100000000)
  eden space 17408K, 54% used [0x00000000d5580000,0x00000000d5ec4808,0x00000000d6680000)
  from space 512K, 0% used [0x00000000d6980000,0x00000000d6980000,0x00000000d6a00000)
  to   space 1024K, 0% used [0x00000000d6800000,0x00000000d6800000,0x00000000d6900000)
 ParOldGen       total 68608K, used 40414K [0x0000000080000000, 0x0000000084300000, 0x00000000d5580000)
  object space 68608K, 58% used [0x0000000080000000,0x00000000827778f0,0x0000000084300000)
 Metaspace       used 59246K, committed 60544K, reserved 1114112K
  class space    used 6331K, committed 6912K, reserved 1048576K
GC Heap History (20 events):
Event: 14.477 GC heap before
{Heap before GC invocations=32 (full 2):
 PSYoungGen      total 22528K, used 22464K [0x00000000d5580000, 0x00000000d6f80000, 0x0000000100000000)
  eden space 20480K, 100% used [0x00000000d5580000,0x00000000d6980000,0x00000000d6980000)
  from space 2048K, 96% used [0x00000000d6980000,0x00000000d6b70000,0x00000000d6b80000)
  to   space 3072K, 0% used [0x00000000d6c80000,0x00000000d6c80000,0x00000000d6f80000)
 ParOldGen       total 68608K, used 43734K [0x0000000080000000, 0x0000000084300000, 0x00000000d5580000)
  object space 68608K, 63% used [0x0000000080000000,0x0000000082ab5b58,0x0000000084300000)
 Metaspace       used 50169K, committed 51264K, reserved 1114112K
  class space    used 5389K, committed 5888K, reserved 1048576K
}
Event: 14.484 GC heap after
{Heap after GC invocations=32 (full 2):
 PSYoungGen      total 20480K, used 3051K [0x00000000d5580000, 0x00000000d7580000, 0x0000000100000000)
  eden space 17408K, 0% used [0x00000000d5580000,0x00000000d5580000,0x00000000d6680000)
  from space 3072K, 99% used [0x00000000d6c80000,0x00000000d6f7ae58,0x00000000d6f80000)
  to   space 6144K, 0% used [0x00000000d6680000,0x00000000d6680000,0x00000000d6c80000)
 ParOldGen       total 68608K, used 45863K [0x0000000080000000, 0x0000000084300000, 0x00000000d5580000)
  object space 68608K, 66% used [0x0000000080000000,0x0000000082cc9d58,0x0000000084300000)
 Metaspace       used 50169K, committed 51264K, reserved 1114112K
  class space    used 5389K, committed 5888K, reserved 1048576K
}
Event: 15.016 GC heap before
{Heap before GC invocations=33 (full 2):
 PSYoungGen      total 20480K, used 20459K [0x00000000d5580000, 0x00000000d7580000, 0x0000000100000000)
  eden space 17408K, 100% used [0x00000000d5580000,0x00000000d6680000,0x00000000d6680000)
  from space 3072K, 99% used [0x00000000d6c80000,0x00000000d6f7ae58,0x00000000d6f80000)
  to   space 6144K, 0% used [0x00000000d6680000,0x00000000d6680000,0x00000000d6c80000)
 ParOldGen       total 68608K, used 45863K [0x0000000080000000, 0x0000000084300000, 0x00000000d5580000)
  object space 68608K, 66% used [0x0000000080000000,0x0000000082cc9d58,0x0000000084300000)
 Metaspace       used 51179K, committed 52352K, reserved 1114112K
  class space    used 5523K, committed 6016K, reserved 1048576K
}
Event: 15.025 GC heap after
{Heap after GC invocations=33 (full 2):
 PSYoungGen      total 18432K, used 704K [0x00000000d5580000, 0x00000000d6d00000, 0x0000000100000000)
  eden space 17408K, 0% used [0x00000000d5580000,0x00000000d5580000,0x00000000d6680000)
  from space 1024K, 68% used [0x00000000d6680000,0x00000000d6730000,0x00000000d6780000)
  to   space 2560K, 0% used [0x00000000d6a80000,0x00000000d6a80000,0x00000000d6d00000)
 ParOldGen       total 68608K, used 48793K [0x0000000080000000, 0x0000000084300000, 0x00000000d5580000)
  object space 68608K, 71% used [0x0000000080000000,0x0000000082fa6450,0x0000000084300000)
 Metaspace       used 51179K, committed 52352K, reserved 1114112K
  class space    used 5523K, committed 6016K, reserved 1048576K
}
Event: 15.369 GC heap before
{Heap before GC invocations=34 (full 2):
 PSYoungGen      total 18432K, used 18112K [0x00000000d5580000, 0x00000000d6d00000, 0x0000000100000000)
  eden space 17408K, 100% used [0x00000000d5580000,0x00000000d6680000,0x00000000d6680000)
  from space 1024K, 68% used [0x00000000d6680000,0x00000000d6730000,0x00000000d6780000)
  to   space 2560K, 0% used [0x00000000d6a80000,0x00000000d6a80000,0x00000000d6d00000)
 ParOldGen       total 68608K, used 48793K [0x0000000080000000, 0x0000000084300000, 0x00000000d5580000)
  object space 68608K, 71% used [0x0000000080000000,0x0000000082fa6450,0x0000000084300000)
 Metaspace       used 52230K, committed 53312K, reserved 1114112K
  class space    used 5611K, committed 6080K, reserved 1048576K
}
Event: 15.374 GC heap after
{Heap after GC invocations=34 (full 2):
 PSYoungGen      total 19456K, used 1904K [0x00000000d5580000, 0x00000000d6c80000, 0x0000000100000000)
  eden space 17408K, 0% used [0x00000000d5580000,0x00000000d5580000,0x00000000d6680000)
  from space 2048K, 92% used [0x00000000d6a80000,0x00000000d6c5c0e0,0x00000000d6c80000)
  to   space 2560K, 0% used [0x00000000d6780000,0x00000000d6780000,0x00000000d6a00000)
 ParOldGen       total 68608K, used 49260K [0x0000000080000000, 0x0000000084300000, 0x00000000d5580000)
  object space 68608K, 71% used [0x0000000080000000,0x000000008301b130,0x0000000084300000)
 Metaspace       used 52230K, committed 53312K, reserved 1114112K
  class space    used 5611K, committed 6080K, reserved 1048576K
}
Event: 15.492 GC heap before
{Heap before GC invocations=35 (full 2):
 PSYoungGen      total 19456K, used 19312K [0x00000000d5580000, 0x00000000d6c80000, 0x0000000100000000)
  eden space 17408K, 100% used [0x00000000d5580000,0x00000000d6680000,0x00000000d6680000)
  from space 2048K, 92% used [0x00000000d6a80000,0x00000000d6c5c0e0,0x00000000d6c80000)
  to   space 2560K, 0% used [0x00000000d6780000,0x00000000d6780000,0x00000000d6a00000)
 ParOldGen       total 68608K, used 49260K [0x0000000080000000, 0x0000000084300000, 0x00000000d5580000)
  object space 68608K, 71% used [0x0000000080000000,0x000000008301b130,0x0000000084300000)
 Metaspace       used 52254K, committed 53312K, reserved 1114112K
  class space    used 5611K, committed 6080K, reserved 1048576K
}
Event: 15.495 GC heap after
{Heap after GC invocations=35 (full 2):
 PSYoungGen      total 19968K, used 314K [0x00000000d5580000, 0x00000000d6b00000, 0x0000000100000000)
  eden space 17408K, 0% used [0x00000000d5580000,0x00000000d5580000,0x00000000d6680000)
  from space 2560K, 12% used [0x00000000d6780000,0x00000000d67ce930,0x00000000d6a00000)
  to   space 1024K, 0% used [0x00000000d6a00000,0x00000000d6a00000,0x00000000d6b00000)
 ParOldGen       total 68608K, used 50056K [0x0000000080000000, 0x0000000084300000, 0x00000000d5580000)
  object space 68608K, 72% used [0x0000000080000000,0x00000000830e22a8,0x0000000084300000)
 Metaspace       used 52254K, committed 53312K, reserved 1114112K
  class space    used 5611K, committed 6080K, reserved 1048576K
}
Event: 15.642 GC heap before
{Heap before GC invocations=36 (full 2):
 PSYoungGen      total 19968K, used 17722K [0x00000000d5580000, 0x00000000d6b00000, 0x0000000100000000)
  eden space 17408K, 100% used [0x00000000d5580000,0x00000000d6680000,0x00000000d6680000)
  from space 2560K, 12% used [0x00000000d6780000,0x00000000d67ce930,0x00000000d6a00000)
  to   space 1024K, 0% used [0x00000000d6a00000,0x00000000d6a00000,0x00000000d6b00000)
 ParOldGen       total 68608K, used 50056K [0x0000000080000000, 0x0000000084300000, 0x00000000d5580000)
  object space 68608K, 72% used [0x0000000080000000,0x00000000830e22a8,0x0000000084300000)
 Metaspace       used 52732K, committed 53824K, reserved 1114112K
  class space    used 5650K, committed 6144K, reserved 1048576K
}
Event: 15.643 GC heap after
{Heap after GC invocations=36 (full 2):
 PSYoungGen      total 17920K, used 384K [0x00000000d5580000, 0x00000000d6a80000, 0x0000000100000000)
  eden space 17408K, 0% used [0x00000000d5580000,0x00000000d5580000,0x00000000d6680000)
  from space 512K, 75% used [0x00000000d6a00000,0x00000000d6a60000,0x00000000d6a80000)
  to   space 512K, 0% used [0x00000000d6980000,0x00000000d6980000,0x00000000d6a00000)
 ParOldGen       total 68608K, used 50072K [0x0000000080000000, 0x0000000084300000, 0x00000000d5580000)
  object space 68608K, 72% used [0x0000000080000000,0x00000000830e62a8,0x0000000084300000)
 Metaspace       used 52732K, committed 53824K, reserved 1114112K
  class space    used 5650K, committed 6144K, reserved 1048576K
}
Event: 16.330 GC heap before
{Heap before GC invocations=37 (full 2):
 PSYoungGen      total 17920K, used 17792K [0x00000000d5580000, 0x00000000d6a80000, 0x0000000100000000)
  eden space 17408K, 100% used [0x00000000d5580000,0x00000000d6680000,0x00000000d6680000)
  from space 512K, 75% used [0x00000000d6a00000,0x00000000d6a60000,0x00000000d6a80000)
  to   space 512K, 0% used [0x00000000d6980000,0x00000000d6980000,0x00000000d6a00000)
 ParOldGen       total 68608K, used 50072K [0x0000000080000000, 0x0000000084300000, 0x00000000d5580000)
  object space 68608K, 72% used [0x0000000080000000,0x00000000830e62a8,0x0000000084300000)
 Metaspace       used 54503K, committed 55680K, reserved 1114112K
  class space    used 5877K, committed 6400K, reserved 1048576K
}
Event: 16.334 GC heap after
{Heap after GC invocations=37 (full 2):
 PSYoungGen      total 17920K, used 480K [0x00000000d5580000, 0x00000000d6a80000, 0x0000000100000000)
  eden space 17408K, 0% used [0x00000000d5580000,0x00000000d5580000,0x00000000d6680000)
  from space 512K, 93% used [0x00000000d6980000,0x00000000d69f8170,0x00000000d6a00000)
  to   space 512K, 0% used [0x00000000d6a00000,0x00000000d6a00000,0x00000000d6a80000)
 ParOldGen       total 68608K, used 50682K [0x0000000080000000, 0x0000000084300000, 0x00000000d5580000)
  object space 68608K, 73% used [0x0000000080000000,0x000000008317eba8,0x0000000084300000)
 Metaspace       used 54503K, committed 55680K, reserved 1114112K
  class space    used 5877K, committed 6400K, reserved 1048576K
}
Event: 16.737 GC heap before
{Heap before GC invocations=38 (full 2):
 PSYoungGen      total 17920K, used 17888K [0x00000000d5580000, 0x00000000d6a80000, 0x0000000100000000)
  eden space 17408K, 100% used [0x00000000d5580000,0x00000000d6680000,0x00000000d6680000)
  from space 512K, 93% used [0x00000000d6980000,0x00000000d69f8170,0x00000000d6a00000)
  to   space 512K, 0% used [0x00000000d6a00000,0x00000000d6a00000,0x00000000d6a80000)
 ParOldGen       total 68608K, used 50682K [0x0000000080000000, 0x0000000084300000, 0x00000000d5580000)
  object space 68608K, 73% used [0x0000000080000000,0x000000008317eba8,0x0000000084300000)
 Metaspace       used 56920K, committed 58240K, reserved 1114112K
  class space    used 6122K, committed 6656K, reserved 1048576K
}
Event: 16.739 GC heap after
{Heap after GC invocations=38 (full 2):
 PSYoungGen      total 17920K, used 497K [0x00000000d5580000, 0x00000000d6a80000, 0x0000000100000000)
  eden space 17408K, 0% used [0x00000000d5580000,0x00000000d5580000,0x00000000d6680000)
  from space 512K, 97% used [0x00000000d6a00000,0x00000000d6a7c780,0x00000000d6a80000)
  to   space 1024K, 0% used [0x00000000d6880000,0x00000000d6880000,0x00000000d6980000)
 ParOldGen       total 68608K, used 51057K [0x0000000080000000, 0x0000000084300000, 0x00000000d5580000)
  object space 68608K, 74% used [0x0000000080000000,0x00000000831dc5f8,0x0000000084300000)
 Metaspace       used 56920K, committed 58240K, reserved 1114112K
  class space    used 6122K, committed 6656K, reserved 1048576K
}
Event: 18.155 GC heap before
{Heap before GC invocations=39 (full 2):
 PSYoungGen      total 17920K, used 17902K [0x00000000d5580000, 0x00000000d6a80000, 0x0000000100000000)
  eden space 17408K, 99% used [0x00000000d5580000,0x00000000d667f2d8,0x00000000d6680000)
  from space 512K, 97% used [0x00000000d6a00000,0x00000000d6a7c780,0x00000000d6a80000)
  to   space 1024K, 0% used [0x00000000d6880000,0x00000000d6880000,0x00000000d6980000)
 ParOldGen       total 68608K, used 51057K [0x0000000080000000, 0x0000000084300000, 0x00000000d5580000)
  object space 68608K, 74% used [0x0000000080000000,0x00000000831dc5f8,0x0000000084300000)
 Metaspace       used 58471K, committed 59712K, reserved 1114112K
  class space    used 6242K, committed 6784K, reserved 1048576K
}
Event: 18.158 GC heap after
{Heap after GC invocations=39 (full 2):
 PSYoungGen      total 18432K, used 992K [0x00000000d5580000, 0x00000000d6a80000, 0x0000000100000000)
  eden space 17408K, 0% used [0x00000000d5580000,0x00000000d5580000,0x00000000d6680000)
  from space 1024K, 96% used [0x00000000d6880000,0x00000000d6978080,0x00000000d6980000)
  to   space 1024K, 0% used [0x00000000d6980000,0x00000000d6980000,0x00000000d6a80000)
 ParOldGen       total 68608K, used 51519K [0x0000000080000000, 0x0000000084300000, 0x00000000d5580000)
  object space 68608K, 75% used [0x0000000080000000,0x000000008324fe88,0x0000000084300000)
 Metaspace       used 58471K, committed 59712K, reserved 1114112K
  class space    used 6242K, committed 6784K, reserved 1048576K
}
Event: 18.174 GC heap before
{Heap before GC invocations=40 (full 2):
 PSYoungGen      total 18432K, used 1550K [0x00000000d5580000, 0x00000000d6a80000, 0x0000000100000000)
  eden space 17408K, 3% used [0x00000000d5580000,0x00000000d560b7f0,0x00000000d6680000)
  from space 1024K, 96% used [0x00000000d6880000,0x00000000d6978080,0x00000000d6980000)
  to   space 1024K, 0% used [0x00000000d6980000,0x00000000d6980000,0x00000000d6a80000)
 ParOldGen       total 68608K, used 51519K [0x0000000080000000, 0x0000000084300000, 0x00000000d5580000)
  object space 68608K, 75% used [0x0000000080000000,0x000000008324fe88,0x0000000084300000)
 Metaspace       used 58525K, committed 59776K, reserved 1114112K
  class space    used 6250K, committed 6784K, reserved 1048576K
}
Event: 18.177 GC heap after
{Heap after GC invocations=40 (full 2):
 PSYoungGen      total 17920K, used 288K [0x00000000d5580000, 0x00000000d6a00000, 0x0000000100000000)
  eden space 17408K, 0% used [0x00000000d5580000,0x00000000d5580000,0x00000000d6680000)
  from space 512K, 56% used [0x00000000d6980000,0x00000000d69c8000,0x00000000d6a00000)
  to   space 1024K, 0% used [0x00000000d6800000,0x00000000d6800000,0x00000000d6900000)
 ParOldGen       total 68608K, used 52359K [0x0000000080000000, 0x0000000084300000, 0x00000000d5580000)
  object space 68608K, 76% used [0x0000000080000000,0x0000000083321f48,0x0000000084300000)
 Metaspace       used 58525K, committed 59776K, reserved 1114112K
  class space    used 6250K, committed 6784K, reserved 1048576K
}
Event: 18.177 GC heap before
{Heap before GC invocations=41 (full 3):
 PSYoungGen      total 17920K, used 288K [0x00000000d5580000, 0x00000000d6a00000, 0x0000000100000000)
  eden space 17408K, 0% used [0x00000000d5580000,0x00000000d5580000,0x00000000d6680000)
  from space 512K, 56% used [0x00000000d6980000,0x00000000d69c8000,0x00000000d6a00000)
  to   space 1024K, 0% used [0x00000000d6800000,0x00000000d6800000,0x00000000d6900000)
 ParOldGen       total 68608K, used 52359K [0x0000000080000000, 0x0000000084300000, 0x00000000d5580000)
  object space 68608K, 76% used [0x0000000080000000,0x0000000083321f48,0x0000000084300000)
 Metaspace       used 58525K, committed 59776K, reserved 1114112K
  class space    used 6250K, committed 6784K, reserved 1048576K
}
Event: 18.320 GC heap after
{Heap after GC invocations=41 (full 3):
 PSYoungGen      total 17920K, used 0K [0x00000000d5580000, 0x00000000d6a00000, 0x0000000100000000)
  eden space 17408K, 0% used [0x00000000d5580000,0x00000000d5580000,0x00000000d6680000)
  from space 512K, 0% used [0x00000000d6980000,0x00000000d6980000,0x00000000d6a00000)
  to   space 1024K, 0% used [0x00000000d6800000,0x00000000d6800000,0x00000000d6900000)
 ParOldGen       total 68608K, used 40414K [0x0000000080000000, 0x0000000084300000, 0x00000000d5580000)
  object space 68608K, 58% used [0x0000000080000000,0x00000000827778f0,0x0000000084300000)
 Metaspace       used 58525K, committed 59776K, reserved 1114112K
  class space    used 6250K, committed 6784K, reserved 1048576K
}

