# JRE version: OpenJDK Runtime Environment Temurin-21.0.11+10 (21.0.11+10) (build 21.0.11+10-LTS)
# Java VM: OpenJDK 64-Bit Server VM Temurin-21.0.11+10 (21.0.11+10-LTS, mixed mode, sharing, tiered, compressed oops, compressed class ptrs, parallel gc, windows-amd64)
GC Precious Log:
 CardTable entry size: 512
 CPUs: 16 total, 16 available
 Memory: 16095M
 Large Page Support: Disabled
 NUMA Support: Disabled
 Compressed Oops: Enabled (32-bit)
 Alignments: Space 512K, Generation 512K, Heap 2M
 Heap Min Capacity: 100M
 Heap Initial Capacity: 100M
 Heap Max Capacity: 2G
 Pre-touch: Disabled
 Parallel Workers: 13
Heap:
 PSYoungGen      total 17408K, used 12503K [0x00000000d5580000, 0x00000000d6a00000, 0x0000000100000000)
  eden space 16896K, 74% used [0x00000000d5580000,0x00000000d61b5cd0,0x00000000d6600000)
  from space 512K, 0% used [0x00000000d6880000,0x00000000d6880000,0x00000000d6900000)
  to   space 2048K, 0% used [0x00000000d6600000,0x00000000d6600000,0x00000000d6800000)
 ParOldGen       total 68608K, used 41310K [0x0000000080000000, 0x0000000084300000, 0x00000000d5580000)
  object space 68608K, 60% used [0x0000000080000000,0x0000000082857ac0,0x0000000084300000)
 Metaspace       used 59198K, committed 60480K, reserved 1114112K
  class space    used 6335K, committed 6848K, reserved 1048576K
GC Heap History (20 events):
Event: 15.782 GC heap before
{Heap before GC invocations=30 (full 2):
 PSYoungGen      total 22016K, used 21688K [0x00000000d5580000, 0x00000000d6d00000, 0x0000000100000000)
  eden space 19968K, 100% used [0x00000000d5580000,0x00000000d6900000,0x00000000d6900000)
  from space 2048K, 84% used [0x00000000d6980000,0x00000000d6b2e200,0x00000000d6b80000)
  to   space 1536K, 0% used [0x00000000d6b80000,0x00000000d6b80000,0x00000000d6d00000)
 ParOldGen       total 68608K, used 36402K [0x0000000080000000, 0x0000000084300000, 0x00000000d5580000)
  object space 68608K, 53% used [0x0000000080000000,0x000000008238c9a0,0x0000000084300000)
 Metaspace       used 50342K, committed 51456K, reserved 1114112K
  class space    used 5428K, committed 5888K, reserved 1048576K
}
Event: 15.790 GC heap after
{Heap after GC invocations=30 (full 2):
 PSYoungGen      total 18432K, used 1536K [0x00000000d5580000, 0x00000000d7400000, 0x0000000100000000)
  eden space 16896K, 0% used [0x00000000d5580000,0x00000000d5580000,0x00000000d6600000)
  from space 1536K, 100% used [0x00000000d6b80000,0x00000000d6d00000,0x00000000d6d00000)
  to   space 5632K, 0% used [0x00000000d6600000,0x00000000d6600000,0x00000000d6b80000)
 ParOldGen       total 68608K, used 39697K [0x0000000080000000, 0x0000000084300000, 0x00000000d5580000)
  object space 68608K, 57% used [0x0000000080000000,0x00000000826c47e8,0x0000000084300000)
 Metaspace       used 50342K, committed 51456K, reserved 1114112K
  class space    used 5428K, committed 5888K, reserved 1048576K
}
Event: 16.306 GC heap before
{Heap before GC invocations=31 (full 2):
 PSYoungGen      total 18432K, used 18432K [0x00000000d5580000, 0x00000000d7400000, 0x0000000100000000)
  eden space 16896K, 100% used [0x00000000d5580000,0x00000000d6600000,0x00000000d6600000)
  from space 1536K, 100% used [0x00000000d6b80000,0x00000000d6d00000,0x00000000d6d00000)
  to   space 5632K, 0% used [0x00000000d6600000,0x00000000d6600000,0x00000000d6b80000)
 ParOldGen       total 68608K, used 39697K [0x0000000080000000, 0x0000000084300000, 0x00000000d5580000)
  object space 68608K, 57% used [0x0000000080000000,0x00000000826c47e8,0x0000000084300000)
 Metaspace       used 51069K, committed 52224K, reserved 1114112K
  class space    used 5523K, committed 6016K, reserved 1048576K
}
Event: 16.311 GC heap after
{Heap after GC invocations=31 (full 2):
 PSYoungGen      total 17408K, used 416K [0x00000000d5580000, 0x00000000d6c00000, 0x0000000100000000)
  eden space 16896K, 0% used [0x00000000d5580000,0x00000000d5580000,0x00000000d6600000)
  from space 512K, 81% used [0x00000000d6600000,0x00000000d6668000,0x00000000d6680000)
  to   space 2048K, 0% used [0x00000000d6a00000,0x00000000d6a00000,0x00000000d6c00000)
 ParOldGen       total 68608K, used 41234K [0x0000000080000000, 0x0000000084300000, 0x00000000d5580000)
  object space 68608K, 60% used [0x0000000080000000,0x0000000082844ae0,0x0000000084300000)
 Metaspace       used 51069K, committed 52224K, reserved 1114112K
  class space    used 5523K, committed 6016K, reserved 1048576K
}
Event: 16.587 GC heap before
{Heap before GC invocations=32 (full 2):
 PSYoungGen      total 17408K, used 17312K [0x00000000d5580000, 0x00000000d6c00000, 0x0000000100000000)
  eden space 16896K, 100% used [0x00000000d5580000,0x00000000d6600000,0x00000000d6600000)
  from space 512K, 81% used [0x00000000d6600000,0x00000000d6668000,0x00000000d6680000)
  to   space 2048K, 0% used [0x00000000d6a00000,0x00000000d6a00000,0x00000000d6c00000)
 ParOldGen       total 68608K, used 41234K [0x0000000080000000, 0x0000000084300000, 0x00000000d5580000)
  object space 68608K, 60% used [0x0000000080000000,0x0000000082844ae0,0x0000000084300000)
 Metaspace       used 51809K, committed 52928K, reserved 1114112K
  class space    used 5584K, committed 6080K, reserved 1048576K
}
Event: 16.592 GC heap after
{Heap after GC invocations=32 (full 2):
 PSYoungGen      total 18944K, used 1887K [0x00000000d5580000, 0x00000000d6c00000, 0x0000000100000000)
  eden space 16896K, 0% used [0x00000000d5580000,0x00000000d5580000,0x00000000d6600000)
  from space 2048K, 92% used [0x00000000d6a00000,0x00000000d6bd7c10,0x00000000d6c00000)
  to   space 2560K, 0% used [0x00000000d6700000,0x00000000d6700000,0x00000000d6980000)
 ParOldGen       total 68608K, used 41490K [0x0000000080000000, 0x0000000084300000, 0x00000000d5580000)
  object space 68608K, 60% used [0x0000000080000000,0x0000000082884ae0,0x0000000084300000)
 Metaspace       used 51809K, committed 52928K, reserved 1114112K
  class space    used 5584K, committed 6080K, reserved 1048576K
}
Event: 16.721 GC heap before
{Heap before GC invocations=33 (full 2):
 PSYoungGen      total 18944K, used 18783K [0x00000000d5580000, 0x00000000d6c00000, 0x0000000100000000)
  eden space 16896K, 100% used [0x00000000d5580000,0x00000000d6600000,0x00000000d6600000)
  from space 2048K, 92% used [0x00000000d6a00000,0x00000000d6bd7c10,0x00000000d6c00000)
  to   space 2560K, 0% used [0x00000000d6700000,0x00000000d6700000,0x00000000d6980000)
 ParOldGen       total 68608K, used 41490K [0x0000000080000000, 0x0000000084300000, 0x00000000d5580000)
  object space 68608K, 60% used [0x0000000080000000,0x0000000082884ae0,0x0000000084300000)
 Metaspace       used 51826K, committed 52992K, reserved 1114112K
  class space    used 5584K, committed 6080K, reserved 1048576K
}
Event: 16.725 GC heap after
{Heap after GC invocations=33 (full 2):
 PSYoungGen      total 17920K, used 630K [0x00000000d5580000, 0x00000000d6a80000, 0x0000000100000000)
  eden space 16896K, 0% used [0x00000000d5580000,0x00000000d5580000,0x00000000d6600000)
  from space 1024K, 61% used [0x00000000d6700000,0x00000000d679d9d0,0x00000000d6800000)
  to   space 1536K, 0% used [0x00000000d6900000,0x00000000d6900000,0x00000000d6a80000)
 ParOldGen       total 68608K, used 42381K [0x0000000080000000, 0x0000000084300000, 0x00000000d5580000)
  object space 68608K, 61% used [0x0000000080000000,0x0000000082963780,0x0000000084300000)
 Metaspace       used 51826K, committed 52992K, reserved 1114112K
  class space    used 5584K, committed 6080K, reserved 1048576K
}
Event: 16.906 GC heap before
{Heap before GC invocations=34 (full 2):
 PSYoungGen      total 17920K, used 17526K [0x00000000d5580000, 0x00000000d6a80000, 0x0000000100000000)
  eden space 16896K, 100% used [0x00000000d5580000,0x00000000d6600000,0x00000000d6600000)
  from space 1024K, 61% used [0x00000000d6700000,0x00000000d679d9d0,0x00000000d6800000)
  to   space 1536K, 0% used [0x00000000d6900000,0x00000000d6900000,0x00000000d6a80000)
 ParOldGen       total 68608K, used 42381K [0x0000000080000000, 0x0000000084300000, 0x00000000d5580000)
  object space 68608K, 61% used [0x0000000080000000,0x0000000082963780,0x0000000084300000)
 Metaspace       used 52818K, committed 53952K, reserved 1114112K
  class space    used 5673K, committed 6144K, reserved 1048576K
}
Event: 16.908 GC heap after
{Heap after GC invocations=34 (full 2):
 PSYoungGen      total 17408K, used 402K [0x00000000d5580000, 0x00000000d6980000, 0x0000000100000000)
  eden space 16896K, 0% used [0x00000000d5580000,0x00000000d5580000,0x00000000d6600000)
  from space 512K, 78% used [0x00000000d6900000,0x00000000d6964a20,0x00000000d6980000)
  to   space 1024K, 0% used [0x00000000d6780000,0x00000000d6780000,0x00000000d6880000)
 ParOldGen       total 68608K, used 42405K [0x0000000080000000, 0x0000000084300000, 0x00000000d5580000)
  object space 68608K, 61% used [0x0000000080000000,0x0000000082969780,0x0000000084300000)
 Metaspace       used 52818K, committed 53952K, reserved 1114112K
  class space    used 5673K, committed 6144K, reserved 1048576K
}
Event: 17.582 GC heap before
{Heap before GC invocations=35 (full 2):
 PSYoungGen      total 17408K, used 17298K [0x00000000d5580000, 0x00000000d6980000, 0x0000000100000000)
  eden space 16896K, 99% used [0x00000000d5580000,0x00000000d65fffd8,0x00000000d6600000)
  from space 512K, 78% used [0x00000000d6900000,0x00000000d6964a20,0x00000000d6980000)
  to   space 1024K, 0% used [0x00000000d6780000,0x00000000d6780000,0x00000000d6880000)
 ParOldGen       total 68608K, used 42405K [0x0000000080000000, 0x0000000084300000, 0x00000000d5580000)
  object space 68608K, 61% used [0x0000000080000000,0x0000000082969780,0x0000000084300000)
 Metaspace       used 54506K, committed 55744K, reserved 1114112K
  class space    used 5873K, committed 6400K, reserved 1048576K
}
Event: 17.583 GC heap after
{Heap after GC invocations=35 (full 2):
 PSYoungGen      total 17920K, used 744K [0x00000000d5580000, 0x00000000d6980000, 0x0000000100000000)
  eden space 16896K, 0% used [0x00000000d5580000,0x00000000d5580000,0x00000000d6600000)
  from space 1024K, 72% used [0x00000000d6780000,0x00000000d683a1e8,0x00000000d6880000)
  to   space 1024K, 0% used [0x00000000d6880000,0x00000000d6880000,0x00000000d6980000)
 ParOldGen       total 68608K, used 42469K [0x0000000080000000, 0x0000000084300000, 0x00000000d5580000)
  object space 68608K, 61% used [0x0000000080000000,0x0000000082979780,0x0000000084300000)
 Metaspace       used 54506K, committed 55744K, reserved 1114112K
  class space    used 5873K, committed 6400K, reserved 1048576K
}
Event: 17.954 GC heap before
{Heap before GC invocations=36 (full 2):
 PSYoungGen      total 17920K, used 17640K [0x00000000d5580000, 0x00000000d6980000, 0x0000000100000000)
  eden space 16896K, 100% used [0x00000000d5580000,0x00000000d6600000,0x00000000d6600000)
  from space 1024K, 72% used [0x00000000d6780000,0x00000000d683a1e8,0x00000000d6880000)
  to   space 1024K, 0% used [0x00000000d6880000,0x00000000d6880000,0x00000000d6980000)
 ParOldGen       total 68608K, used 42469K [0x0000000080000000, 0x0000000084300000, 0x00000000d5580000)
  object space 68608K, 61% used [0x0000000080000000,0x0000000082979780,0x0000000084300000)
 Metaspace       used 56690K, committed 57984K, reserved 1114112K
  class space    used 6109K, committed 6592K, reserved 1048576K
}
Event: 17.956 GC heap after
{Heap after GC invocations=36 (full 2):
 PSYoungGen      total 17920K, used 926K [0x00000000d5580000, 0x00000000d6980000, 0x0000000100000000)
  eden space 16896K, 0% used [0x00000000d5580000,0x00000000d5580000,0x00000000d6600000)
  from space 1024K, 90% used [0x00000000d6880000,0x00000000d6967990,0x00000000d6980000)
  to   space 1024K, 0% used [0x00000000d6780000,0x00000000d6780000,0x00000000d6880000)
 ParOldGen       total 68608K, used 42911K [0x0000000080000000, 0x0000000084300000, 0x00000000d5580000)
  object space 68608K, 62% used [0x0000000080000000,0x00000000829e7fd8,0x0000000084300000)
 Metaspace       used 56690K, committed 57984K, reserved 1114112K
  class space    used 6109K, committed 6592K, reserved 1048576K
}
Event: 19.315 GC heap before
{Heap before GC invocations=37 (full 2):
 PSYoungGen      total 17920K, used 17807K [0x00000000d5580000, 0x00000000d6980000, 0x0000000100000000)
  eden space 16896K, 99% used [0x00000000d5580000,0x00000000d65fc2a8,0x00000000d6600000)
  from space 1024K, 90% used [0x00000000d6880000,0x00000000d6967990,0x00000000d6980000)
  to   space 1024K, 0% used [0x00000000d6780000,0x00000000d6780000,0x00000000d6880000)
 ParOldGen       total 68608K, used 42911K [0x0000000080000000, 0x0000000084300000, 0x00000000d5580000)
  object space 68608K, 62% used [0x0000000080000000,0x00000000829e7fd8,0x0000000084300000)
 Metaspace       used 58166K, committed 59456K, reserved 1114112K
  class space    used 6226K, committed 6720K, reserved 1048576K
}
Event: 19.319 GC heap after
{Heap after GC invocations=37 (full 2):
 PSYoungGen      total 17920K, used 992K [0x00000000d5580000, 0x00000000d6900000, 0x0000000100000000)
  eden space 16896K, 0% used [0x00000000d5580000,0x00000000d5580000,0x00000000d6600000)
  from space 1024K, 96% used [0x00000000d6780000,0x00000000d6878080,0x00000000d6880000)
  to   space 512K, 0% used [0x00000000d6880000,0x00000000d6880000,0x00000000d6900000)
 ParOldGen       total 68608K, used 43521K [0x0000000080000000, 0x0000000084300000, 0x00000000d5580000)
  object space 68608K, 63% used [0x0000000080000000,0x0000000082a80500,0x0000000084300000)
 Metaspace       used 58166K, committed 59456K, reserved 1114112K
  class space    used 6226K, committed 6720K, reserved 1048576K
}
Event: 19.494 GC heap before
{Heap before GC invocations=38 (full 2):
 PSYoungGen      total 17920K, used 5678K [0x00000000d5580000, 0x00000000d6900000, 0x0000000100000000)
  eden space 16896K, 27% used [0x00000000d5580000,0x00000000d5a13ad8,0x00000000d6600000)
  from space 1024K, 96% used [0x00000000d6780000,0x00000000d6878080,0x00000000d6880000)
  to   space 512K, 0% used [0x00000000d6880000,0x00000000d6880000,0x00000000d6900000)
 ParOldGen       total 68608K, used 43521K [0x0000000080000000, 0x0000000084300000, 0x00000000d5580000)
  object space 68608K, 63% used [0x0000000080000000,0x0000000082a80500,0x0000000084300000)
 Metaspace       used 58484K, committed 59776K, reserved 1114112K
  class space    used 6255K, committed 6784K, reserved 1048576K
}
Event: 19.498 GC heap after
{Heap after GC invocations=38 (full 2):
 PSYoungGen      total 17408K, used 512K [0x00000000d5580000, 0x00000000d6a00000, 0x0000000100000000)
  eden space 16896K, 0% used [0x00000000d5580000,0x00000000d5580000,0x00000000d6600000)
  from space 512K, 100% used [0x00000000d6880000,0x00000000d6900000,0x00000000d6900000)
  to   space 2048K, 0% used [0x00000000d6600000,0x00000000d6600000,0x00000000d6800000)
 ParOldGen       total 68608K, used 44566K [0x0000000080000000, 0x0000000084300000, 0x00000000d5580000)
  object space 68608K, 64% used [0x0000000080000000,0x0000000082b858a8,0x0000000084300000)
 Metaspace       used 58484K, committed 59776K, reserved 1114112K
  class space    used 6255K, committed 6784K, reserved 1048576K
}
Event: 19.499 GC heap before
{Heap before GC invocations=39 (full 3):
 PSYoungGen      total 17408K, used 512K [0x00000000d5580000, 0x00000000d6a00000, 0x0000000100000000)
  eden space 16896K, 0% used [0x00000000d5580000,0x00000000d5580000,0x00000000d6600000)
  from space 512K, 100% used [0x00000000d6880000,0x00000000d6900000,0x00000000d6900000)
  to   space 2048K, 0% used [0x00000000d6600000,0x00000000d6600000,0x00000000d6800000)
 ParOldGen       total 68608K, used 44566K [0x0000000080000000, 0x0000000084300000, 0x00000000d5580000)
  object space 68608K, 64% used [0x0000000080000000,0x0000000082b858a8,0x0000000084300000)
 Metaspace       used 58484K, committed 59776K, reserved 1114112K
  class space    used 6255K, committed 6784K, reserved 1048576K
}
Event: 19.658 GC heap after
{Heap after GC invocations=39 (full 3):
 PSYoungGen      total 17408K, used 0K [0x00000000d5580000, 0x00000000d6a00000, 0x0000000100000000)
  eden space 16896K, 0% used [0x00000000d5580000,0x00000000d5580000,0x00000000d6600000)
  from space 512K, 0% used [0x00000000d6880000,0x00000000d6880000,0x00000000d6900000)
  to   space 2048K, 0% used [0x00000000d6600000,0x00000000d6600000,0x00000000d6800000)
 ParOldGen       total 68608K, used 41310K [0x0000000080000000, 0x0000000084300000, 0x00000000d5580000)
  object space 68608K, 60% used [0x0000000080000000,0x0000000082857ac0,0x0000000084300000)
 Metaspace       used 58484K, committed 59776K, reserved 1114112K
  class space    used 6255K, committed 6784K, reserved 1048576K
}

