# JRE version: OpenJDK Runtime Environment Temurin-21.0.11+10 (21.0.11+10) (build 21.0.11+10-LTS)
# Java VM: OpenJDK 64-Bit Server VM Temurin-21.0.11+10 (21.0.11+10-LTS, mixed mode, sharing, tiered, compressed oops, compressed class ptrs, parallel gc, windows-amd64)
GC Precious Log:
 CardTable entry size: 512
 CPUs: 16 total, 16 available
 Memory: 16095M
 Large Page Support: Disabled
 NUMA Support: Disabled
 Compressed Oops: Enabled (32-bit)
 Alignments: Space 512K, Generation 512K, Heap 2M
 Heap Min Capacity: 100M
 Heap Initial Capacity: 100M
 Heap Max Capacity: 2G
 Pre-touch: Disabled
 Parallel Workers: 13
Heap:
 PSYoungGen      total 10240K, used 4387K [0x00000000d5580000, 0x00000000d6200000, 0x0000000100000000)
  eden space 8704K, 45% used [0x00000000d5580000,0x00000000d5960e68,0x00000000d5e00000)
  from space 1536K, 27% used [0x00000000d5f80000,0x00000000d5fe8000,0x00000000d6100000)
  to   space 1024K, 0% used [0x00000000d6100000,0x00000000d6100000,0x00000000d6200000)
 ParOldGen       total 68608K, used 41375K [0x0000000080000000, 0x0000000084300000, 0x00000000d5580000)
  object space 68608K, 60% used [0x0000000080000000,0x0000000082867f08,0x0000000084300000)
 Metaspace       used 59889K, committed 61184K, reserved 1114112K
  class space    used 6377K, committed 6912K, reserved 1048576K
GC Heap History (20 events):
Event: 15.655 GC heap before
{Heap before GC invocations=51 (full 2):
 PSYoungGen      total 9728K, used 9722K [0x00000000d5580000, 0x00000000d6100000, 0x0000000100000000)
  eden space 8704K, 100% used [0x00000000d5580000,0x00000000d5e00000,0x00000000d5e00000)
  from space 1024K, 99% used [0x00000000d6000000,0x00000000d60feb80,0x00000000d6100000)
  to   space 1536K, 0% used [0x00000000d5e00000,0x00000000d5e00000,0x00000000d5f80000)
 ParOldGen       total 68608K, used 54670K [0x0000000080000000, 0x0000000084300000, 0x00000000d5580000)
  object space 68608K, 79% used [0x0000000080000000,0x0000000083563818,0x0000000084300000)
 Metaspace       used 53610K, committed 54720K, reserved 1114112K
  class space    used 5733K, committed 6272K, reserved 1048576K
}
Event: 15.656 GC heap after
{Heap after GC invocations=51 (full 2):
 PSYoungGen      total 10240K, used 352K [0x00000000d5580000, 0x00000000d6080000, 0x0000000100000000)
  eden space 8704K, 0% used [0x00000000d5580000,0x00000000d5580000,0x00000000d5e00000)
  from space 1536K, 22% used [0x00000000d5e00000,0x00000000d5e58000,0x00000000d5f80000)
  to   space 1024K, 0% used [0x00000000d5f80000,0x00000000d5f80000,0x00000000d6080000)
 ParOldGen       total 68608K, used 54854K [0x0000000080000000, 0x0000000084300000, 0x00000000d5580000)
  object space 68608K, 79% used [0x0000000080000000,0x0000000083591818,0x0000000084300000)
 Metaspace       used 53610K, committed 54720K, reserved 1114112K
  class space    used 5733K, committed 6272K, reserved 1048576K
}
Event: 15.880 GC heap before
{Heap before GC invocations=52 (full 2):
 PSYoungGen      total 10240K, used 9049K [0x00000000d5580000, 0x00000000d6080000, 0x0000000100000000)
  eden space 8704K, 99% used [0x00000000d5580000,0x00000000d5dfe520,0x00000000d5e00000)
  from space 1536K, 22% used [0x00000000d5e00000,0x00000000d5e58000,0x00000000d5f80000)
  to   space 1024K, 0% used [0x00000000d5f80000,0x00000000d5f80000,0x00000000d6080000)
 ParOldGen       total 68608K, used 54854K [0x0000000080000000, 0x0000000084300000, 0x00000000d5580000)
  object space 68608K, 79% used [0x0000000080000000,0x0000000083591818,0x0000000084300000)
 Metaspace       used 54271K, committed 55424K, reserved 1114112K
  class space    used 5824K, committed 6336K, reserved 1048576K
}
Event: 15.882 GC heap after
{Heap after GC invocations=52 (full 2):
 PSYoungGen      total 9728K, used 632K [0x00000000d5580000, 0x00000000d6080000, 0x0000000100000000)
  eden space 8704K, 0% used [0x00000000d5580000,0x00000000d5580000,0x00000000d5e00000)
  from space 1024K, 61% used [0x00000000d5f80000,0x00000000d601e1d8,0x00000000d6080000)
  to   space 1024K, 0% used [0x00000000d5e80000,0x00000000d5e80000,0x00000000d5f80000)
 ParOldGen       total 68608K, used 55014K [0x0000000080000000, 0x0000000084300000, 0x00000000d5580000)
  object space 68608K, 80% used [0x0000000080000000,0x00000000835b9818,0x0000000084300000)
 Metaspace       used 54271K, committed 55424K, reserved 1114112K
  class space    used 5824K, committed 6336K, reserved 1048576K
}
Event: 16.151 GC heap before
{Heap before GC invocations=53 (full 2):
 PSYoungGen      total 9728K, used 9336K [0x00000000d5580000, 0x00000000d6080000, 0x0000000100000000)
  eden space 8704K, 100% used [0x00000000d5580000,0x00000000d5e00000,0x00000000d5e00000)
  from space 1024K, 61% used [0x00000000d5f80000,0x00000000d601e1d8,0x00000000d6080000)
  to   space 1024K, 0% used [0x00000000d5e80000,0x00000000d5e80000,0x00000000d5f80000)
 ParOldGen       total 68608K, used 55014K [0x0000000080000000, 0x0000000084300000, 0x00000000d5580000)
  object space 68608K, 80% used [0x0000000080000000,0x00000000835b9818,0x0000000084300000)
 Metaspace       used 55422K, committed 56576K, reserved 1114112K
  class space    used 5959K, committed 6464K, reserved 1048576K
}
Event: 16.155 GC heap after
{Heap after GC invocations=53 (full 2):
 PSYoungGen      total 9728K, used 614K [0x00000000d5580000, 0x00000000d6000000, 0x0000000100000000)
  eden space 8704K, 0% used [0x00000000d5580000,0x00000000d5580000,0x00000000d5e00000)
  from space 1024K, 59% used [0x00000000d5e80000,0x00000000d5f19968,0x00000000d5f80000)
  to   space 512K, 0% used [0x00000000d5f80000,0x00000000d5f80000,0x00000000d6000000)
 ParOldGen       total 68608K, used 55376K [0x0000000080000000, 0x0000000084300000, 0x00000000d5580000)
  object space 68608K, 80% used [0x0000000080000000,0x0000000083614080,0x0000000084300000)
 Metaspace       used 55422K, committed 56576K, reserved 1114112K
  class space    used 5959K, committed 6464K, reserved 1048576K
}
Event: 16.337 GC heap before
{Heap before GC invocations=54 (full 2):
 PSYoungGen      total 9728K, used 9305K [0x00000000d5580000, 0x00000000d6000000, 0x0000000100000000)
  eden space 8704K, 99% used [0x00000000d5580000,0x00000000d5dfce78,0x00000000d5e00000)
  from space 1024K, 59% used [0x00000000d5e80000,0x00000000d5f19968,0x00000000d5f80000)
  to   space 512K, 0% used [0x00000000d5f80000,0x00000000d5f80000,0x00000000d6000000)
 ParOldGen       total 68608K, used 55376K [0x0000000080000000, 0x0000000084300000, 0x00000000d5580000)
  object space 68608K, 80% used [0x0000000080000000,0x0000000083614080,0x0000000084300000)
 Metaspace       used 56517K, committed 57792K, reserved 1114112K
  class space    used 6066K, committed 6656K, reserved 1048576K
}
Event: 16.339 GC heap after
{Heap after GC invocations=54 (full 2):
 PSYoungGen      total 9216K, used 496K [0x00000000d5580000, 0x00000000d6000000, 0x0000000100000000)
  eden space 8704K, 0% used [0x00000000d5580000,0x00000000d5580000,0x00000000d5e00000)
  from space 512K, 96% used [0x00000000d5f80000,0x00000000d5ffc010,0x00000000d6000000)
  to   space 1024K, 0% used [0x00000000d5e00000,0x00000000d5e00000,0x00000000d5f00000)
 ParOldGen       total 68608K, used 55630K [0x0000000080000000, 0x0000000084300000, 0x00000000d5580000)
  object space 68608K, 81% used [0x0000000080000000,0x0000000083653b88,0x0000000084300000)
 Metaspace       used 56517K, committed 57792K, reserved 1114112K
  class space    used 6066K, committed 6656K, reserved 1048576K
}
Event: 16.428 GC heap before
{Heap before GC invocations=55 (full 2):
 PSYoungGen      total 9216K, used 9200K [0x00000000d5580000, 0x00000000d6000000, 0x0000000100000000)
  eden space 8704K, 100% used [0x00000000d5580000,0x00000000d5e00000,0x00000000d5e00000)
  from space 512K, 96% used [0x00000000d5f80000,0x00000000d5ffc010,0x00000000d6000000)
  to   space 1024K, 0% used [0x00000000d5e00000,0x00000000d5e00000,0x00000000d5f00000)
 ParOldGen       total 68608K, used 55630K [0x0000000080000000, 0x0000000084300000, 0x00000000d5580000)
  object space 68608K, 81% used [0x0000000080000000,0x0000000083653bf0,0x0000000084300000)
 Metaspace       used 57308K, committed 58560K, reserved 1114112K
  class space    used 6155K, committed 6720K, reserved 1048576K
}
Event: 16.433 GC heap after
{Heap after GC invocations=55 (full 2):
 PSYoungGen      total 9728K, used 1004K [0x00000000d5580000, 0x00000000d6600000, 0x0000000100000000)
  eden space 8704K, 0% used [0x00000000d5580000,0x00000000d5580000,0x00000000d5e00000)
  from space 1024K, 98% used [0x00000000d5e00000,0x00000000d5efb100,0x00000000d5f00000)
  to   space 4096K, 0% used [0x00000000d6200000,0x00000000d6200000,0x00000000d6600000)
 ParOldGen       total 68608K, used 58057K [0x0000000080000000, 0x0000000084300000, 0x00000000d5580000)
  object space 68608K, 84% used [0x0000000080000000,0x00000000838b2548,0x0000000084300000)
 Metaspace       used 57308K, committed 58560K, reserved 1114112K
  class space    used 6155K, committed 6720K, reserved 1048576K
}
Event: 16.688 GC heap before
{Heap before GC invocations=56 (full 2):
 PSYoungGen      total 9728K, used 9708K [0x00000000d5580000, 0x00000000d6600000, 0x0000000100000000)
  eden space 8704K, 100% used [0x00000000d5580000,0x00000000d5e00000,0x00000000d5e00000)
  from space 1024K, 98% used [0x00000000d5e00000,0x00000000d5efb100,0x00000000d5f00000)
  to   space 4096K, 0% used [0x00000000d6200000,0x00000000d6200000,0x00000000d6600000)
 ParOldGen       total 68608K, used 58059K [0x0000000080000000, 0x0000000084300000, 0x00000000d5580000)
  object space 68608K, 84% used [0x0000000080000000,0x00000000838b2d98,0x0000000084300000)
 Metaspace       used 58256K, committed 59520K, reserved 1114112K
  class space    used 6231K, committed 6784K, reserved 1048576K
}
Event: 16.692 GC heap after
{Heap after GC invocations=56 (full 2):
 PSYoungGen      total 10752K, used 1845K [0x00000000d5580000, 0x00000000d6400000, 0x0000000100000000)
  eden space 8704K, 0% used [0x00000000d5580000,0x00000000d5580000,0x00000000d5e00000)
  from space 2048K, 90% used [0x00000000d6200000,0x00000000d63cd4a8,0x00000000d6400000)
  to   space 2560K, 0% used [0x00000000d5f00000,0x00000000d5f00000,0x00000000d6180000)
 ParOldGen       total 68608K, used 59051K [0x0000000080000000, 0x0000000084300000, 0x00000000d5580000)
  object space 68608K, 86% used [0x0000000080000000,0x00000000839aacd0,0x0000000084300000)
 Metaspace       used 58256K, committed 59520K, reserved 1114112K
  class space    used 6231K, committed 6784K, reserved 1048576K
}
Event: 16.743 GC heap before
{Heap before GC invocations=57 (full 2):
 PSYoungGen      total 10752K, used 4835K [0x00000000d5580000, 0x00000000d6400000, 0x0000000100000000)
  eden space 8704K, 34% used [0x00000000d5580000,0x00000000d586b7f8,0x00000000d5e00000)
  from space 2048K, 90% used [0x00000000d6200000,0x00000000d63cd4a8,0x00000000d6400000)
  to   space 2560K, 0% used [0x00000000d5f00000,0x00000000d5f00000,0x00000000d6180000)
 ParOldGen       total 68608K, used 59051K [0x0000000080000000, 0x0000000084300000, 0x00000000d5580000)
  object space 68608K, 86% used [0x0000000080000000,0x00000000839aacd0,0x0000000084300000)
 Metaspace       used 58474K, committed 59776K, reserved 1114112K
  class space    used 6241K, committed 6848K, reserved 1048576K
}
Event: 16.746 GC heap after
{Heap after GC invocations=57 (full 2):
 PSYoungGen      total 11264K, used 396K [0x00000000d5580000, 0x00000000d6280000, 0x0000000100000000)
  eden space 8704K, 0% used [0x00000000d5580000,0x00000000d5580000,0x00000000d5e00000)
  from space 2560K, 15% used [0x00000000d5f00000,0x00000000d5f63120,0x00000000d6180000)
  to   space 1024K, 0% used [0x00000000d6180000,0x00000000d6180000,0x00000000d6280000)
 ParOldGen       total 68608K, used 60507K [0x0000000080000000, 0x0000000084300000, 0x00000000d5580000)
  object space 68608K, 88% used [0x0000000080000000,0x0000000083b16d60,0x0000000084300000)
 Metaspace       used 58474K, committed 59776K, reserved 1114112K
  class space    used 6241K, committed 6848K, reserved 1048576K
}
Event: 16.746 GC heap before
{Heap before GC invocations=58 (full 3):
 PSYoungGen      total 11264K, used 396K [0x00000000d5580000, 0x00000000d6280000, 0x0000000100000000)
  eden space 8704K, 0% used [0x00000000d5580000,0x00000000d5580000,0x00000000d5e00000)
  from space 2560K, 15% used [0x00000000d5f00000,0x00000000d5f63120,0x00000000d6180000)
  to   space 1024K, 0% used [0x00000000d6180000,0x00000000d6180000,0x00000000d6280000)
 ParOldGen       total 68608K, used 60507K [0x0000000080000000, 0x0000000084300000, 0x00000000d5580000)
  object space 68608K, 88% used [0x0000000080000000,0x0000000083b16d60,0x0000000084300000)
 Metaspace       used 58474K, committed 59776K, reserved 1114112K
  class space    used 6241K, committed 6848K, reserved 1048576K
}
Event: 16.904 GC heap after
{Heap after GC invocations=58 (full 3):
 PSYoungGen      total 11264K, used 0K [0x00000000d5580000, 0x00000000d6280000, 0x0000000100000000)
  eden space 8704K, 0% used [0x00000000d5580000,0x00000000d5580000,0x00000000d5e00000)
  from space 2560K, 0% used [0x00000000d5f00000,0x00000000d5f00000,0x00000000d6180000)
  to   space 1024K, 0% used [0x00000000d6180000,0x00000000d6180000,0x00000000d6280000)
 ParOldGen       total 68608K, used 40409K [0x0000000080000000, 0x0000000084300000, 0x00000000d5580000)
  object space 68608K, 58% used [0x0000000080000000,0x0000000082776640,0x0000000084300000)
 Metaspace       used 58474K, committed 59776K, reserved 1114112K
  class space    used 6241K, committed 6848K, reserved 1048576K
}
Event: 17.316 GC heap before
{Heap before GC invocations=59 (full 3):
 PSYoungGen      total 11264K, used 8704K [0x00000000d5580000, 0x00000000d6280000, 0x0000000100000000)
  eden space 8704K, 100% used [0x00000000d5580000,0x00000000d5e00000,0x00000000d5e00000)
  from space 2560K, 0% used [0x00000000d5f00000,0x00000000d5f00000,0x00000000d6180000)
  to   space 1024K, 0% used [0x00000000d6180000,0x00000000d6180000,0x00000000d6280000)
 ParOldGen       total 68608K, used 40409K [0x0000000080000000, 0x0000000084300000, 0x00000000d5580000)
  object space 68608K, 58% used [0x0000000080000000,0x00000000827766e8,0x0000000084300000)
 Metaspace       used 59247K, committed 60608K, reserved 1114112K
  class space    used 6315K, committed 6912K, reserved 1048576K
}
Event: 17.318 GC heap after
{Heap after GC invocations=59 (full 3):
 PSYoungGen      total 9728K, used 1024K [0x00000000d5580000, 0x00000000d6280000, 0x0000000100000000)
  eden space 8704K, 0% used [0x00000000d5580000,0x00000000d5580000,0x00000000d5e00000)
  from space 1024K, 100% used [0x00000000d6180000,0x00000000d6280000,0x00000000d6280000)
  to   space 1536K, 0% used [0x00000000d5f80000,0x00000000d5f80000,0x00000000d6100000)
 ParOldGen       total 68608K, used 40478K [0x0000000080000000, 0x0000000084300000, 0x00000000d5580000)
  object space 68608K, 59% used [0x0000000080000000,0x0000000082787b68,0x0000000084300000)
 Metaspace       used 59247K, committed 60608K, reserved 1114112K
  class space    used 6315K, committed 6912K, reserved 1048576K
}
Event: 31.375 GC heap before
{Heap before GC invocations=60 (full 3):
 PSYoungGen      total 9728K, used 9728K [0x00000000d5580000, 0x00000000d6280000, 0x0000000100000000)
  eden space 8704K, 100% used [0x00000000d5580000,0x00000000d5e00000,0x00000000d5e00000)
  from space 1024K, 100% used [0x00000000d6180000,0x00000000d6280000,0x00000000d6280000)
  to   space 1536K, 0% used [0x00000000d5f80000,0x00000000d5f80000,0x00000000d6100000)
 ParOldGen       total 68608K, used 40497K [0x0000000080000000, 0x0000000084300000, 0x00000000d5580000)
  object space 68608K, 59% used [0x0000000080000000,0x000000008278c6d0,0x0000000084300000)
 Metaspace       used 59636K, committed 60928K, reserved 1114112K
  class space    used 6367K, committed 6912K, reserved 1048576K
}
Event: 31.379 GC heap after
{Heap after GC invocations=60 (full 3):
 PSYoungGen      total 10240K, used 416K [0x00000000d5580000, 0x00000000d6200000, 0x0000000100000000)
  eden space 8704K, 0% used [0x00000000d5580000,0x00000000d5580000,0x00000000d5e00000)
  from space 1536K, 27% used [0x00000000d5f80000,0x00000000d5fe8000,0x00000000d6100000)
  to   space 1024K, 0% used [0x00000000d6100000,0x00000000d6100000,0x00000000d6200000)
 ParOldGen       total 68608K, used 41375K [0x0000000080000000, 0x0000000084300000, 0x00000000d5580000)
  object space 68608K, 60% used [0x0000000080000000,0x0000000082867f08,0x0000000084300000)
 Metaspace       used 59636K, committed 60928K, reserved 1114112K
  class space    used 6367K, committed 6912K, reserved 1048576K
}

