# JRE version: OpenJDK Runtime Environment Temurin-21.0.11+10 (21.0.11+10) (build 21.0.11+10-LTS)
# Java VM: OpenJDK 64-Bit Server VM Temurin-21.0.11+10 (21.0.11+10-LTS, mixed mode, sharing, tiered, compressed oops, compressed class ptrs, parallel gc, windows-amd64)
GC Precious Log:
 CardTable entry size: 512
 CPUs: 16 total, 16 available
 Memory: 16095M
 Large Page Support: Disabled
 NUMA Support: Disabled
 Compressed Oops: Enabled (32-bit)
 Alignments: Space 512K, Generation 512K, Heap 2M
 Heap Min Capacity: 100M
 Heap Initial Capacity: 100M
 Heap Max Capacity: 2G
 Pre-touch: Disabled
 Parallel Workers: 13
Heap:
 PSYoungGen      total 13312K, used 11399K [0x00000000d5580000, 0x00000000d6480000, 0x0000000100000000)
  eden space 12288K, 84% used [0x00000000d5580000,0x00000000d5fa9bd0,0x00000000d6180000)
  from space 1024K, 96% used [0x00000000d6380000,0x00000000d6478080,0x00000000d6480000)
  to   space 1536K, 0% used [0x00000000d6180000,0x00000000d6180000,0x00000000d6300000)
 ParOldGen       total 68608K, used 43030K [0x0000000080000000, 0x0000000084300000, 0x00000000d5580000)
  object space 68608K, 62% used [0x0000000080000000,0x0000000082a05988,0x0000000084300000)
 Metaspace       used 64817K, committed 66112K, reserved 1114112K
  class space    used 6940K, committed 7488K, reserved 1048576K
GC Heap History (20 events):
Event: 45.645 GC heap before
{Heap before GC invocations=48 (full 2):
 PSYoungGen      total 14336K, used 12751K [0x00000000d5580000, 0x00000000d6600000, 0x0000000100000000)
  eden space 12288K, 99% used [0x00000000d5580000,0x00000000d617bd78,0x00000000d6180000)
  from space 2048K, 23% used [0x00000000d6280000,0x00000000d62f8000,0x00000000d6480000)
  to   space 1024K, 0% used [0x00000000d6500000,0x00000000d6500000,0x00000000d6600000)
 ParOldGen       total 68608K, used 52573K [0x0000000080000000, 0x0000000084300000, 0x00000000d5580000)
  object space 68608K, 76% used [0x0000000080000000,0x0000000083357540,0x0000000084300000)
 Metaspace       used 57426K, committed 58624K, reserved 1114112K
  class space    used 6215K, committed 6720K, reserved 1048576K
}
Event: 45.650 GC heap after
{Heap after GC invocations=48 (full 2):
 PSYoungGen      total 13312K, used 1002K [0x00000000d5580000, 0x00000000d6680000, 0x0000000100000000)
  eden space 12288K, 0% used [0x00000000d5580000,0x00000000d5580000,0x00000000d6180000)
  from space 1024K, 97% used [0x00000000d6500000,0x00000000d65fa9f8,0x00000000d6600000)
  to   space 2560K, 0% used [0x00000000d6180000,0x00000000d6180000,0x00000000d6400000)
 ParOldGen       total 68608K, used 53541K [0x0000000080000000, 0x0000000084300000, 0x00000000d5580000)
  object space 68608K, 78% used [0x0000000080000000,0x0000000083449720,0x0000000084300000)
 Metaspace       used 57426K, committed 58624K, reserved 1114112K
  class space    used 6215K, committed 6720K, reserved 1048576K
}
Event: 45.755 GC heap before
{Heap before GC invocations=49 (full 2):
 PSYoungGen      total 13312K, used 13290K [0x00000000d5580000, 0x00000000d6680000, 0x0000000100000000)
  eden space 12288K, 100% used [0x00000000d5580000,0x00000000d6180000,0x00000000d6180000)
  from space 1024K, 97% used [0x00000000d6500000,0x00000000d65fa9f8,0x00000000d6600000)
  to   space 2560K, 0% used [0x00000000d6180000,0x00000000d6180000,0x00000000d6400000)
 ParOldGen       total 68608K, used 53541K [0x0000000080000000, 0x0000000084300000, 0x00000000d5580000)
  object space 68608K, 78% used [0x0000000080000000,0x0000000083449720,0x0000000084300000)
 Metaspace       used 57446K, committed 58624K, reserved 1114112K
  class space    used 6215K, committed 6720K, reserved 1048576K
}
Event: 45.758 GC heap after
{Heap after GC invocations=49 (full 2):
 PSYoungGen      total 14848K, used 936K [0x00000000d5580000, 0x00000000d6580000, 0x0000000100000000)
  eden space 12288K, 0% used [0x00000000d5580000,0x00000000d5580000,0x00000000d6180000)
  from space 2560K, 36% used [0x00000000d6180000,0x00000000d626a3c0,0x00000000d6400000)
  to   space 1536K, 0% used [0x00000000d6400000,0x00000000d6400000,0x00000000d6580000)
 ParOldGen       total 68608K, used 54139K [0x0000000080000000, 0x0000000084300000, 0x00000000d5580000)
  object space 68608K, 78% used [0x0000000080000000,0x00000000834ded70,0x0000000084300000)
 Metaspace       used 57446K, committed 58624K, reserved 1114112K
  class space    used 6215K, committed 6720K, reserved 1048576K
}
Event: 45.864 GC heap before
{Heap before GC invocations=50 (full 2):
 PSYoungGen      total 14848K, used 13224K [0x00000000d5580000, 0x00000000d6580000, 0x0000000100000000)
  eden space 12288K, 100% used [0x00000000d5580000,0x00000000d6180000,0x00000000d6180000)
  from space 2560K, 36% used [0x00000000d6180000,0x00000000d626a3c0,0x00000000d6400000)
  to   space 1536K, 0% used [0x00000000d6400000,0x00000000d6400000,0x00000000d6580000)
 ParOldGen       total 68608K, used 54139K [0x0000000080000000, 0x0000000084300000, 0x00000000d5580000)
  object space 68608K, 78% used [0x0000000080000000,0x00000000834ded70,0x0000000084300000)
 Metaspace       used 57455K, committed 58624K, reserved 1114112K
  class space    used 6215K, committed 6720K, reserved 1048576K
}
Event: 45.865 GC heap after
{Heap after GC invocations=50 (full 2):
 PSYoungGen      total 13312K, used 598K [0x00000000d5580000, 0x00000000d6500000, 0x0000000100000000)
  eden space 12288K, 0% used [0x00000000d5580000,0x00000000d5580000,0x00000000d6180000)
  from space 1024K, 58% used [0x00000000d6400000,0x00000000d6495a08,0x00000000d6500000)
  to   space 1024K, 0% used [0x00000000d6300000,0x00000000d6300000,0x00000000d6400000)
 ParOldGen       total 68608K, used 54195K [0x0000000080000000, 0x0000000084300000, 0x00000000d5580000)
  object space 68608K, 78% used [0x0000000080000000,0x00000000834ecd70,0x0000000084300000)
 Metaspace       used 57455K, committed 58624K, reserved 1114112K
  class space    used 6215K, committed 6720K, reserved 1048576K
}
Event: 46.038 GC heap before
{Heap before GC invocations=51 (full 2):
 PSYoungGen      total 13312K, used 12886K [0x00000000d5580000, 0x00000000d6500000, 0x0000000100000000)
  eden space 12288K, 100% used [0x00000000d5580000,0x00000000d6180000,0x00000000d6180000)
  from space 1024K, 58% used [0x00000000d6400000,0x00000000d6495a08,0x00000000d6500000)
  to   space 1024K, 0% used [0x00000000d6300000,0x00000000d6300000,0x00000000d6400000)
 ParOldGen       total 68608K, used 54195K [0x0000000080000000, 0x0000000084300000, 0x00000000d5580000)
  object space 68608K, 78% used [0x0000000080000000,0x00000000834ecd70,0x0000000084300000)
 Metaspace       used 58309K, committed 59520K, reserved 1114112K
  class space    used 6296K, committed 6848K, reserved 1048576K
}
Event: 46.039 GC heap after
{Heap after GC invocations=51 (full 2):
 PSYoungGen      total 13312K, used 256K [0x00000000d5580000, 0x00000000d6480000, 0x0000000100000000)
  eden space 12288K, 0% used [0x00000000d5580000,0x00000000d5580000,0x00000000d6180000)
  from space 1024K, 25% used [0x00000000d6300000,0x00000000d6340000,0x00000000d6400000)
  to   space 512K, 0% used [0x00000000d6400000,0x00000000d6400000,0x00000000d6480000)
 ParOldGen       total 68608K, used 54251K [0x0000000080000000, 0x0000000084300000, 0x00000000d5580000)
  object space 68608K, 79% used [0x0000000080000000,0x00000000834fad70,0x0000000084300000)
 Metaspace       used 58309K, committed 59520K, reserved 1114112K
  class space    used 6296K, committed 6848K, reserved 1048576K
}
Event: 46.084 GC heap before
{Heap before GC invocations=52 (full 2):
 PSYoungGen      total 13312K, used 1947K [0x00000000d5580000, 0x00000000d6480000, 0x0000000100000000)
  eden space 12288K, 13% used [0x00000000d5580000,0x00000000d5726d00,0x00000000d6180000)
  from space 1024K, 25% used [0x00000000d6300000,0x00000000d6340000,0x00000000d6400000)
  to   space 512K, 0% used [0x00000000d6400000,0x00000000d6400000,0x00000000d6480000)
 ParOldGen       total 68608K, used 54251K [0x0000000080000000, 0x0000000084300000, 0x00000000d5580000)
  object space 68608K, 79% used [0x0000000080000000,0x00000000834fad70,0x0000000084300000)
 Metaspace       used 58640K, committed 59776K, reserved 1114112K
  class space    used 6321K, committed 6848K, reserved 1048576K
}
Event: 46.086 GC heap after
{Heap after GC invocations=52 (full 2):
 PSYoungGen      total 12800K, used 320K [0x00000000d5580000, 0x00000000d6480000, 0x0000000100000000)
  eden space 12288K, 0% used [0x00000000d5580000,0x00000000d5580000,0x00000000d6180000)
  from space 512K, 62% used [0x00000000d6400000,0x00000000d6450000,0x00000000d6480000)
  to   space 512K, 0% used [0x00000000d6380000,0x00000000d6380000,0x00000000d6400000)
 ParOldGen       total 68608K, used 54299K [0x0000000080000000, 0x0000000084300000, 0x00000000d5580000)
  object space 68608K, 79% used [0x0000000080000000,0x0000000083506d70,0x0000000084300000)
 Metaspace       used 58640K, committed 59776K, reserved 1114112K
  class space    used 6321K, committed 6848K, reserved 1048576K
}
Event: 46.086 GC heap before
{Heap before GC invocations=53 (full 3):
 PSYoungGen      total 12800K, used 320K [0x00000000d5580000, 0x00000000d6480000, 0x0000000100000000)
  eden space 12288K, 0% used [0x00000000d5580000,0x00000000d5580000,0x00000000d6180000)
  from space 512K, 62% used [0x00000000d6400000,0x00000000d6450000,0x00000000d6480000)
  to   space 512K, 0% used [0x00000000d6380000,0x00000000d6380000,0x00000000d6400000)
 ParOldGen       total 68608K, used 54299K [0x0000000080000000, 0x0000000084300000, 0x00000000d5580000)
  object space 68608K, 79% used [0x0000000080000000,0x0000000083506d70,0x0000000084300000)
 Metaspace       used 58640K, committed 59776K, reserved 1114112K
  class space    used 6321K, committed 6848K, reserved 1048576K
}
Event: 46.231 GC heap after
{Heap after GC invocations=53 (full 3):
 PSYoungGen      total 12800K, used 0K [0x00000000d5580000, 0x00000000d6480000, 0x0000000100000000)
  eden space 12288K, 0% used [0x00000000d5580000,0x00000000d5580000,0x00000000d6180000)
  from space 512K, 0% used [0x00000000d6400000,0x00000000d6400000,0x00000000d6480000)
  to   space 512K, 0% used [0x00000000d6380000,0x00000000d6380000,0x00000000d6400000)
 ParOldGen       total 68608K, used 41882K [0x0000000080000000, 0x0000000084300000, 0x00000000d5580000)
  object space 68608K, 61% used [0x0000000080000000,0x00000000828e6a90,0x0000000084300000)
 Metaspace       used 58640K, committed 59776K, reserved 1114112K
  class space    used 6321K, committed 6848K, reserved 1048576K
}
Event: 46.671 GC heap before
{Heap before GC invocations=54 (full 3):
 PSYoungGen      total 12800K, used 12286K [0x00000000d5580000, 0x00000000d6480000, 0x0000000100000000)
  eden space 12288K, 99% used [0x00000000d5580000,0x00000000d617fa78,0x00000000d6180000)
  from space 512K, 0% used [0x00000000d6400000,0x00000000d6400000,0x00000000d6480000)
  to   space 512K, 0% used [0x00000000d6380000,0x00000000d6380000,0x00000000d6400000)
 ParOldGen       total 68608K, used 41882K [0x0000000080000000, 0x0000000084300000, 0x00000000d5580000)
  object space 68608K, 61% used [0x0000000080000000,0x00000000828e6a90,0x0000000084300000)
 Metaspace       used 59614K, committed 60800K, reserved 1114112K
  class space    used 6466K, committed 6976K, reserved 1048576K
}
Event: 46.673 GC heap after
{Heap after GC invocations=54 (full 3):
 PSYoungGen      total 12800K, used 504K [0x00000000d5580000, 0x00000000d6480000, 0x0000000100000000)
  eden space 12288K, 0% used [0x00000000d5580000,0x00000000d5580000,0x00000000d6180000)
  from space 512K, 98% used [0x00000000d6380000,0x00000000d63fe1c8,0x00000000d6400000)
  to   space 512K, 0% used [0x00000000d6400000,0x00000000d6400000,0x00000000d6480000)
 ParOldGen       total 68608K, used 41914K [0x0000000080000000, 0x0000000084300000, 0x00000000d5580000)
  object space 68608K, 61% used [0x0000000080000000,0x00000000828eea90,0x0000000084300000)
 Metaspace       used 59614K, committed 60800K, reserved 1114112K
  class space    used 6466K, committed 6976K, reserved 1048576K
}
Event: 47.178 GC heap before
{Heap before GC invocations=55 (full 3):
 PSYoungGen      total 12800K, used 12792K [0x00000000d5580000, 0x00000000d6480000, 0x0000000100000000)
  eden space 12288K, 100% used [0x00000000d5580000,0x00000000d6180000,0x00000000d6180000)
  from space 512K, 98% used [0x00000000d6380000,0x00000000d63fe1c8,0x00000000d6400000)
  to   space 512K, 0% used [0x00000000d6400000,0x00000000d6400000,0x00000000d6480000)
 ParOldGen       total 68608K, used 41914K [0x0000000080000000, 0x0000000084300000, 0x00000000d5580000)
  object space 68608K, 61% used [0x0000000080000000,0x00000000828eea90,0x0000000084300000)
 Metaspace       used 61334K, committed 62592K, reserved 1114112K
  class space    used 6634K, committed 7168K, reserved 1048576K
}
Event: 47.180 GC heap after
{Heap after GC invocations=55 (full 3):
 PSYoungGen      total 12800K, used 512K [0x00000000d5580000, 0x00000000d6480000, 0x0000000100000000)
  eden space 12288K, 0% used [0x00000000d5580000,0x00000000d5580000,0x00000000d6180000)
  from space 512K, 100% used [0x00000000d6400000,0x00000000d6480000,0x00000000d6480000)
  to   space 1024K, 0% used [0x00000000d6280000,0x00000000d6280000,0x00000000d6380000)
 ParOldGen       total 68608K, used 42297K [0x0000000080000000, 0x0000000084300000, 0x00000000d5580000)
  object space 68608K, 61% used [0x0000000080000000,0x000000008294e560,0x0000000084300000)
 Metaspace       used 61334K, committed 62592K, reserved 1114112K
  class space    used 6634K, committed 7168K, reserved 1048576K
}
Event: 47.333 GC heap before
{Heap before GC invocations=56 (full 3):
 PSYoungGen      total 12800K, used 12800K [0x00000000d5580000, 0x00000000d6480000, 0x0000000100000000)
  eden space 12288K, 100% used [0x00000000d5580000,0x00000000d6180000,0x00000000d6180000)
  from space 512K, 100% used [0x00000000d6400000,0x00000000d6480000,0x00000000d6480000)
  to   space 1024K, 0% used [0x00000000d6280000,0x00000000d6280000,0x00000000d6380000)
 ParOldGen       total 68608K, used 42297K [0x0000000080000000, 0x0000000084300000, 0x00000000d5580000)
  object space 68608K, 61% used [0x0000000080000000,0x000000008294e560,0x0000000084300000)
 Metaspace       used 62428K, committed 63616K, reserved 1114112K
  class space    used 6748K, committed 7296K, reserved 1048576K
}
Event: 47.335 GC heap after
{Heap after GC invocations=56 (full 3):
 PSYoungGen      total 13312K, used 667K [0x00000000d5580000, 0x00000000d6480000, 0x0000000100000000)
  eden space 12288K, 0% used [0x00000000d5580000,0x00000000d5580000,0x00000000d6180000)
  from space 1024K, 65% used [0x00000000d6280000,0x00000000d6326e28,0x00000000d6380000)
  to   space 1024K, 0% used [0x00000000d6380000,0x00000000d6380000,0x00000000d6480000)
 ParOldGen       total 68608K, used 42682K [0x0000000080000000, 0x0000000084300000, 0x00000000d5580000)
  object space 68608K, 62% used [0x0000000080000000,0x00000000829aeb50,0x0000000084300000)
 Metaspace       used 62428K, committed 63616K, reserved 1114112K
  class space    used 6748K, committed 7296K, reserved 1048576K
}
Event: 47.715 GC heap before
{Heap before GC invocations=57 (full 3):
 PSYoungGen      total 13312K, used 12942K [0x00000000d5580000, 0x00000000d6480000, 0x0000000100000000)
  eden space 12288K, 99% used [0x00000000d5580000,0x00000000d617cac0,0x00000000d6180000)
  from space 1024K, 65% used [0x00000000d6280000,0x00000000d6326e28,0x00000000d6380000)
  to   space 1024K, 0% used [0x00000000d6380000,0x00000000d6380000,0x00000000d6480000)
 ParOldGen       total 68608K, used 42682K [0x0000000080000000, 0x0000000084300000, 0x00000000d5580000)
  object space 68608K, 62% used [0x0000000080000000,0x00000000829aeb50,0x0000000084300000)
 Metaspace       used 63934K, committed 65152K, reserved 1114112K
  class space    used 6863K, committed 7360K, reserved 1048576K
}
Event: 47.718 GC heap after
{Heap after GC invocations=57 (full 3):
 PSYoungGen      total 13312K, used 992K [0x00000000d5580000, 0x00000000d6480000, 0x0000000100000000)
  eden space 12288K, 0% used [0x00000000d5580000,0x00000000d5580000,0x00000000d6180000)
  from space 1024K, 96% used [0x00000000d6380000,0x00000000d6478080,0x00000000d6480000)
  to   space 1536K, 0% used [0x00000000d6180000,0x00000000d6180000,0x00000000d6300000)
 ParOldGen       total 68608K, used 43030K [0x0000000080000000, 0x0000000084300000, 0x00000000d5580000)
  object space 68608K, 62% used [0x0000000080000000,0x0000000082a05988,0x0000000084300000)
 Metaspace       used 63934K, committed 65152K, reserved 1114112K
  class space    used 6863K, committed 7360K, reserved 1048576K
}

